# JRE version: OpenJDK Runtime Environment JBR-17.0.7+0-829.16-jcef (17.0.7+7) (build 17.0.7+7-nixos)
# Java VM: OpenJDK 64-Bit Server VM JBR-17.0.7+0-829.16-jcef (17.0.7+7-nixos, mixed mode, emulated-client, tiered, compressed oops, compressed class ptrs, g1 gc, linux-amd64)
GC Precious Log:
 CPUs: 8 total, 8 available
 Memory: 15888M
 Large Page Support: Disabled
 NUMA Support: Disabled
 Compressed Oops: Enabled (Zero based)
 Heap Region Size: 2M
 Heap Min Capacity: 8M
 Heap Initial Capacity: 250M
 Heap Max Capacity: 3G
 Pre-touch: Disabled
 Parallel Workers: 8
 Concurrent Workers: 2
 Concurrent Refinement Workers: 8
 Periodic GC: Disabled
Heap:
 garbage-first heap   total 233472K, used 138047K [0x0000000740000000, 0x0000000800000000)
  region size 2048K, 34 young (69632K), 4 survivors (8192K)
 Metaspace       used 70279K, committed 70528K, reserved 1114112K
  class space    used 8709K, committed 8832K, reserved 1048576K
GC Heap History (20 events):
Event: 4.106 GC heap before
{Heap before GC invocations=10 (full 0):
 garbage-first heap   total 153600K, used 113275K [0x0000000740000000, 0x0000000800000000)
  region size 2048K, 44 young (90112K), 2 survivors (4096K)
 Metaspace       used 53820K, committed 54080K, reserved 1114112K
  class space    used 6903K, committed 7040K, reserved 1048576K
}
Event: 4.124 GC heap after
{Heap after GC invocations=11 (full 0):
 garbage-first heap   total 153600K, used 37845K [0x0000000740000000, 0x0000000800000000)
  region size 2048K, 6 young (12288K), 6 survivors (12288K)
 Metaspace       used 53820K, committed 54080K, reserved 1114112K
  class space    used 6903K, committed 7040K, reserved 1048576K
}
Event: 4.863 GC heap before
{Heap before GC invocations=11 (full 0):
 garbage-first heap   total 153600K, used 115669K [0x0000000740000000, 0x0000000800000000)
  region size 2048K, 41 young (83968K), 6 survivors (12288K)
 Metaspace       used 58923K, committed 59200K, reserved 1114112K
  class space    used 7511K, committed 7616K, reserved 1048576K
}
Event: 4.888 GC heap after
{Heap after GC invocations=12 (full 0):
 garbage-first heap   total 153600K, used 56421K [0x0000000740000000, 0x0000000800000000)
  region size 2048K, 6 young (12288K), 6 survivors (12288K)
 Metaspace       used 58923K, committed 59200K, reserved 1114112K
  class space    used 7511K, committed 7616K, reserved 1048576K
}
Event: 5.123 GC heap before
{Heap before GC invocations=12 (full 0):
 garbage-first heap   total 153600K, used 113765K [0x0000000740000000, 0x0000000800000000)
  region size 2048K, 34 young (69632K), 6 survivors (12288K)
 Metaspace       used 59194K, committed 59456K, reserved 1114112K
  class space    used 7554K, committed 7680K, reserved 1048576K
}
Event: 5.141 GC heap after
{Heap after GC invocations=13 (full 0):
 garbage-first heap   total 153600K, used 62013K [0x0000000740000000, 0x0000000800000000)
  region size 2048K, 4 young (8192K), 4 survivors (8192K)
 Metaspace       used 59194K, committed 59456K, reserved 1114112K
  class space    used 7554K, committed 7680K, reserved 1048576K
}
Event: 5.315 GC heap before
{Heap before GC invocations=13 (full 0):
 garbage-first heap   total 153600K, used 115261K [0x0000000740000000, 0x0000000800000000)
  region size 2048K, 30 young (61440K), 4 survivors (8192K)
 Metaspace       used 59206K, committed 59456K, reserved 1114112K
  class space    used 7558K, committed 7680K, reserved 1048576K
}
Event: 5.336 GC heap after
{Heap after GC invocations=14 (full 0):
 garbage-first heap   total 233472K, used 67347K [0x0000000740000000, 0x0000000800000000)
  region size 2048K, 3 young (6144K), 3 survivors (6144K)
 Metaspace       used 59206K, committed 59456K, reserved 1114112K
  class space    used 7558K, committed 7680K, reserved 1048576K
}
Event: 5.386 GC heap before
{Heap before GC invocations=14 (full 0):
 garbage-first heap   total 233472K, used 69395K [0x0000000740000000, 0x0000000800000000)
  region size 2048K, 5 young (10240K), 3 survivors (6144K)
 Metaspace       used 60050K, committed 60288K, reserved 1114112K
  class space    used 7640K, committed 7744K, reserved 1048576K
}
Event: 5.396 GC heap after
{Heap after GC invocations=15 (full 0):
 garbage-first heap   total 233472K, used 67582K [0x0000000740000000, 0x0000000800000000)
  region size 2048K, 4 young (8192K), 4 survivors (8192K)
 Metaspace       used 60050K, committed 60288K, reserved 1114112K
  class space    used 7640K, committed 7744K, reserved 1048576K
}
Event: 6.914 GC heap before
{Heap before GC invocations=16 (full 0):
 garbage-first heap   total 233472K, used 172030K [0x0000000740000000, 0x0000000800000000)
  region size 2048K, 55 young (112640K), 4 survivors (8192K)
 Metaspace       used 67655K, committed 67968K, reserved 1114112K
  class space    used 8426K, committed 8576K, reserved 1048576K
}
Event: 6.928 GC heap after
{Heap after GC invocations=17 (full 0):
 garbage-first heap   total 233472K, used 71913K [0x0000000740000000, 0x0000000800000000)
  region size 2048K, 6 young (12288K), 6 survivors (12288K)
 Metaspace       used 67655K, committed 67968K, reserved 1114112K
  class space    used 8426K, committed 8576K, reserved 1048576K
}
Event: 6.952 GC heap before
{Heap before GC invocations=17 (full 0):
 garbage-first heap   total 233472K, used 71913K [0x0000000740000000, 0x0000000800000000)
  region size 2048K, 7 young (14336K), 6 survivors (12288K)
 Metaspace       used 67742K, committed 68032K, reserved 1114112K
  class space    used 8429K, committed 8576K, reserved 1048576K
}
Event: 6.967 GC heap after
{Heap after GC invocations=18 (full 0):
 garbage-first heap   total 233472K, used 72906K [0x0000000740000000, 0x0000000800000000)
  region size 2048K, 1 young (2048K), 1 survivors (2048K)
 Metaspace       used 67742K, committed 68032K, reserved 1114112K
  class space    used 8429K, committed 8576K, reserved 1048576K
}
Event: 7.815 GC heap before
{Heap before GC invocations=18 (full 0):
 garbage-first heap   total 233472K, used 177354K [0x0000000740000000, 0x0000000800000000)
  region size 2048K, 52 young (106496K), 1 survivors (2048K)
 Metaspace       used 68015K, committed 68288K, reserved 1114112K
  class space    used 8465K, committed 8576K, reserved 1048576K
}
Event: 7.819 GC heap after
{Heap after GC invocations=19 (full 0):
 garbage-first heap   total 233472K, used 73228K [0x0000000740000000, 0x0000000800000000)
  region size 2048K, 2 young (4096K), 2 survivors (4096K)
 Metaspace       used 68015K, committed 68288K, reserved 1114112K
  class space    used 8465K, committed 8576K, reserved 1048576K
}
Event: 8.604 GC heap before
{Heap before GC invocations=19 (full 0):
 garbage-first heap   total 233472K, used 181772K [0x0000000740000000, 0x0000000800000000)
  region size 2048K, 55 young (112640K), 2 survivors (4096K)
 Metaspace       used 68546K, committed 68800K, reserved 1114112K
  class space    used 8522K, committed 8640K, reserved 1048576K
}
Event: 8.611 GC heap after
{Heap after GC invocations=20 (full 0):
 garbage-first heap   total 233472K, used 77475K [0x0000000740000000, 0x0000000800000000)
  region size 2048K, 4 young (8192K), 4 survivors (8192K)
 Metaspace       used 68546K, committed 68800K, reserved 1114112K
  class space    used 8522K, committed 8640K, reserved 1048576K
}
Event: 9.600 GC heap before
{Heap before GC invocations=20 (full 0):
 garbage-first heap   total 233472K, used 186019K [0x0000000740000000, 0x0000000800000000)
  region size 2048K, 57 young (116736K), 4 survivors (8192K)
 Metaspace       used 69723K, committed 70016K, reserved 1114112K
  class space    used 8632K, committed 8768K, reserved 1048576K
}
Event: 9.607 GC heap after
{Heap after GC invocations=21 (full 0):
 garbage-first heap   total 233472K, used 78655K [0x0000000740000000, 0x0000000800000000)
  region size 2048K, 4 young (8192K), 4 survivors (8192K)
 Metaspace       used 69723K, committed 70016K, reserved 1114112K
  class space    used 8632K, committed 8768K, reserved 1048576K
}

